Copyright 1986-2021 Xilinx, Inc. All Rights Reserved.
----------------------------------------------------------------------------------------------------------------------------------------------------------------------
| Tool Version     : Vivado v.2021.2.1 (lin64) Build 3414424 Sun Dec 19 10:57:14 MST 2021
| Date             : Sun May  1 18:09:24 2022
| Host             : h running 64-bit Ubuntu 21.10
| Command          : report_power -file design_1_wrapper_power_routed.rpt -pb design_1_wrapper_power_summary_routed.pb -rpx design_1_wrapper_power_routed.rpx
| Design           : design_1_wrapper
| Device           : xczu3eg-sbva484-1-i
| Design State     : routed
| Grade            : industrial
| Process          : typical
| Characterization : Production
----------------------------------------------------------------------------------------------------------------------------------------------------------------------

Power Report

Table of Contents
-----------------
1. Summary
1.1 On-Chip Components
1.2 Power Supply Summary
1.3 Confidence Level
2. Settings
2.1 Environment
2.2 Clock Constraints
3. Detailed Reports
3.1 By Hierarchy

1. Summary
----------

+--------------------------+--------------+
| Total On-Chip Power (W)  | 3.334        |
| Design Power Budget (W)  | Unspecified* |
| Power Budget Margin (W)  | NA           |
| Dynamic (W)              | 3.009        |
| Device Static (W)        | 0.325        |
| Effective TJA (C/W)      | 2.7          |
| Max Ambient (C)          | 90.9         |
| Junction Temperature (C) | 34.1         |
| Confidence Level         | Medium       |
| Setting File             | ---          |
| Simulation Activity File | ---          |
| Design Nets Matched      | NA           |
+--------------------------+--------------+
* Specify Design Power Budget using, set_operating_conditions -design_power_budget <value in Watts>


1.1 On-Chip Components
----------------------

+--------------------------+-----------+----------+-----------+-----------------+
| On-Chip                  | Power (W) | Used     | Available | Utilization (%) |
+--------------------------+-----------+----------+-----------+-----------------+
| Clocks                   |     0.237 |        6 |       --- |             --- |
| CLB Logic                |     0.223 |   141984 |       --- |             --- |
|   LUT as Logic           |     0.136 |    41335 |     70560 |           58.58 |
|   LUT as Shift Register  |     0.040 |     1598 |     28800 |            5.55 |
|   Register               |     0.029 |    76573 |    141120 |           54.26 |
|   LUT as Distributed RAM |     0.010 |     1586 |     28800 |            5.51 |
|   CARRY8                 |     0.007 |     1593 |      8820 |           18.06 |
|   BUFG                   |    <0.001 |        2 |        24 |            8.33 |
|   Others                 |     0.000 |     3164 |       --- |             --- |
|   F7/F8 Muxes            |     0.000 |     2029 |     70560 |            2.88 |
| Signals                  |     0.506 |   118908 |       --- |             --- |
| Block RAM                |     0.141 |      211 |       216 |           97.69 |
| MMCM                     |     0.098 |        0 |       --- |             --- |
| DSPs                     |     0.180 |      326 |       360 |           90.56 |
| PS8                      |     1.624 |        1 |       --- |             --- |
| Static Power             |     0.325 |          |           |                 |
|   PS Static              |     0.101 |          |           |                 |
|   PL Static              |     0.223 |          |           |                 |
| Total                    |     3.334 |          |           |                 |
+--------------------------+-----------+----------+-----------+-----------------+


1.2 Power Supply Summary
------------------------

+-----------------+-------------+-----------+-------------+------------+-------------+-------------+------------+
| Source          | Voltage (V) | Total (A) | Dynamic (A) | Static (A) | Powerup (A) | Budget (A)  | Margin (A) |
+-----------------+-------------+-----------+-------------+------------+-------------+-------------+------------+
| Vccint          |       0.850 |     1.572 |       1.508 |      0.064 |       NA    | Unspecified | NA         |
| Vccint_io       |       0.850 |     0.028 |       0.000 |      0.028 |       NA    | Unspecified | NA         |
| Vccbram         |       0.850 |     0.007 |       0.006 |      0.001 |       NA    | Unspecified | NA         |
| Vccaux          |       1.800 |     0.101 |       0.054 |      0.047 |       NA    | Unspecified | NA         |
| Vccaux_io       |       1.800 |     0.025 |       0.000 |      0.025 |       NA    | Unspecified | NA         |
| Vcco33          |       3.300 |     0.000 |       0.000 |      0.000 |       NA    | Unspecified | NA         |
| Vcco25          |       2.500 |     0.000 |       0.000 |      0.000 |       NA    | Unspecified | NA         |
| Vcco18          |       1.800 |     0.000 |       0.000 |      0.000 |       NA    | Unspecified | NA         |
| Vcco15          |       1.500 |     0.000 |       0.000 |      0.000 |       NA    | Unspecified | NA         |
| Vcco135         |       1.350 |     0.000 |       0.000 |      0.000 |       NA    | Unspecified | NA         |
| Vcco12          |       1.200 |     0.000 |       0.000 |      0.000 |       NA    | Unspecified | NA         |
| Vcco10          |       1.000 |     0.000 |       0.000 |      0.000 |       NA    | Unspecified | NA         |
| Vccadc          |       1.800 |     0.008 |       0.000 |      0.008 |       NA    | Unspecified | NA         |
| VCC_PSINTFP     |       0.850 |     0.960 |       0.919 |      0.041 |       NA    | Unspecified | NA         |
| VCC_PSINTLP     |       0.850 |     0.293 |       0.284 |      0.008 |       NA    | Unspecified | NA         |
| VPS_MGTRAVCC    |       0.850 |     0.135 |       0.134 |      0.001 |       NA    | Unspecified | NA         |
| VCC_PSINTFP_DDR |       0.850 |     0.268 |       0.263 |      0.005 |       NA    | Unspecified | NA         |
| VCC_PSPLL       |       1.200 |     0.068 |       0.066 |      0.002 |       NA    | Unspecified | NA         |
| VPS_MGTRAVTT    |       1.800 |     0.034 |       0.033 |      0.001 |       NA    | Unspecified | NA         |
| VCCO_PSDDR_504  |       1.100 |     0.146 |       0.112 |      0.034 |       NA    | Unspecified | NA         |
| VCC_PSAUX       |       1.800 |     0.002 |       0.000 |      0.002 |       NA    | Unspecified | NA         |
| VCC_PSBATT      |       1.200 |     0.000 |       0.000 |      0.000 |       NA    | Unspecified | NA         |
| VCC_PSDDR_PLL   |       1.800 |     0.001 |       0.000 |      0.001 |       NA    | Unspecified | NA         |
| VCCO_PSIO0_500  |       1.800 |     0.001 |       0.001 |      0.001 |       NA    | Unspecified | NA         |
| VCCO_PSIO1_501  |       1.800 |     0.001 |       0.000 |      0.001 |       NA    | Unspecified | NA         |
| VCCO_PSIO2_502  |       1.800 |     0.001 |       0.000 |      0.001 |       NA    | Unspecified | NA         |
| VCCO_PSIO3_503  |       1.800 |     0.001 |       0.000 |      0.001 |       NA    | Unspecified | NA         |
| VCC_PSADC       |       1.800 |     0.002 |       0.000 |      0.002 |       NA    | Unspecified | NA         |
+-----------------+-------------+-----------+-------------+------------+-------------+-------------+------------+


1.3 Confidence Level
--------------------

+-----------------------------+------------+------------------------------------------------+------------------------------------------------------------------------------------------------------------+
| User Input Data             | Confidence | Details                                        | Action                                                                                                     |
+-----------------------------+------------+------------------------------------------------+------------------------------------------------------------------------------------------------------------+
| Design implementation state | High       | Design is routed                               |                                                                                                            |
| Clock nodes activity        | High       | User specified more than 95% of clocks         |                                                                                                            |
| I/O nodes activity          | High       | User specified more than 95% of inputs         |                                                                                                            |
| Internal nodes activity     | Medium     | User specified less than 25% of internal nodes | Provide missing internal nodes activity with simulation results or by editing the "By Resource Type" views |
| Device models               | High       | Device models are Production                   |                                                                                                            |
|                             |            |                                                |                                                                                                            |
| Overall confidence level    | Medium     |                                                |                                                                                                            |
+-----------------------------+------------+------------------------------------------------+------------------------------------------------------------------------------------------------------------+


2. Settings
-----------

2.1 Environment
---------------

+-----------------------+--------------------------+
| Ambient Temp (C)      | 25.0                     |
| ThetaJA (C/W)         | 2.7                      |
| Airflow (LFM)         | 250                      |
| Heat Sink             | medium (Medium Profile)  |
| ThetaSA (C/W)         | 8.8                      |
| Board Selection       | medium (10"x10")         |
| # of Board Layers     | 12to15 (12 to 15 Layers) |
| Board Temperature (C) | 25.0                     |
+-----------------------+--------------------------+


2.2 Clock Constraints
---------------------

+------------------------------+--------------------------------------------------------+-----------------+
| Clock                        | Domain                                                 | Constraint (ns) |
+------------------------------+--------------------------------------------------------+-----------------+
| aclk_2x_design_1_clk_wiz_0_0 | design_1_i/clk_wiz_0/inst/aclk_2x_design_1_clk_wiz_0_0 |             5.0 |
| aclk_design_1_clk_wiz_0_0    | design_1_i/clk_wiz_0/inst/aclk_design_1_clk_wiz_0_0    |            10.0 |
| clk_pl_0                     | design_1_i/zynq_ultra_ps_e_0/inst/pl_clk0              |            10.0 |
| clk_pl_0                     | design_1_i/zynq_ultra_ps_e_0/inst/pl_clk_unbuffered[0] |            10.0 |
+------------------------------+--------------------------------------------------------+-----------------+


3. Detailed Reports
-------------------

3.1 By Hierarchy
----------------

+-----------------------+-----------+
| Name                  | Power (W) |
+-----------------------+-----------+
| design_1_wrapper      |     3.009 |
|   design_1_i          |     3.009 |
|     clk_wiz_0         |     0.098 |
|       inst            |     0.098 |
|     dpuczdx8g_0       |     1.286 |
|       inst            |     1.286 |
|     zynq_ultra_ps_e_0 |     1.625 |
|       inst            |     1.625 |
+-----------------------+-----------+


